2017-09-05 07:29:00,790 INFO o.a.j.u.JMeterUtils: Setting Locale to en_US
2017-09-05 07:29:00,831 INFO o.a.j.JMeter: Loading user properties from: user.properties
2017-09-05 07:29:00,844 INFO o.a.j.JMeter: Loading system properties from: system.properties
2017-09-05 07:29:00,884 INFO o.a.j.JMeter: Copyright (c) 1998-2017 The Apache Software Foundation
2017-09-05 07:29:00,884 INFO o.a.j.JMeter: Version 3.2 r1790748
2017-09-05 07:29:00,884 INFO o.a.j.JMeter: java.version=1.8.0_144
2017-09-05 07:29:00,884 INFO o.a.j.JMeter: java.vm.name=Java HotSpot(TM) Client VM
2017-09-05 07:29:00,884 INFO o.a.j.JMeter: os.name=Windows 10
2017-09-05 07:29:00,884 INFO o.a.j.JMeter: os.arch=x86
2017-09-05 07:29:00,884 INFO o.a.j.JMeter: os.version=10.0
2017-09-05 07:29:00,884 INFO o.a.j.JMeter: file.encoding=Cp1252
2017-09-05 07:29:00,885 INFO o.a.j.JMeter: Max memory     =259522560
2017-09-05 07:29:00,885 INFO o.a.j.JMeter: Available Processors =8
2017-09-05 07:29:00,907 INFO o.a.j.JMeter: Default Locale=English (United States)
2017-09-05 07:29:00,907 INFO o.a.j.JMeter: JMeter  Locale=English (United States)
2017-09-05 07:29:00,907 INFO o.a.j.JMeter: JMeterHome=C:\Users\Vic\Documents\GitHub\CalidadYPruebasDeSoftware\JMeter\apache-jmeter-3.2
2017-09-05 07:29:00,907 INFO o.a.j.JMeter: user.dir  =C:\Users\Vic\Documents\GitHub\CalidadYPruebasDeSoftware\JMeter\apache-jmeter-3.2\bin
2017-09-05 07:29:00,907 INFO o.a.j.JMeter: PWD       =C:\Users\Vic\Documents\GitHub\CalidadYPruebasDeSoftware\JMeter\apache-jmeter-3.2\bin
2017-09-05 07:29:00,912 INFO o.a.j.JMeter: IP: 10.49.78.171 Name: VictorRendon FullName: 10.49.78.171
2017-09-05 07:29:01,770 INFO o.a.j.g.a.LookAndFeelCommand: Using look and feel: javax.swing.plaf.metal.MetalLookAndFeel [Metal, CrossPlatform]
2017-09-05 07:29:01,789 INFO o.a.j.JMeter: Loaded icon properties from org/apache/jmeter/images/icon.properties
2017-09-05 07:29:02,759 INFO o.a.j.e.u.CompoundVariable: Note: Function class names must contain the string: '.functions.'
2017-09-05 07:29:02,759 INFO o.a.j.e.u.CompoundVariable: Note: Function class names must not contain the string: '.gui.'
2017-09-05 07:29:05,140 INFO o.a.j.g.u.MenuFactory: Skipping org.apache.jmeter.assertions.BSFAssertion
2017-09-05 07:29:06,172 INFO o.a.j.g.u.MenuFactory: Skipping org.apache.jmeter.extractor.BSFPostProcessor
2017-09-05 07:29:06,248 INFO o.a.j.g.u.MenuFactory: Skipping org.apache.jmeter.modifiers.BSFPreProcessor
2017-09-05 07:29:06,293 INFO o.a.j.p.h.s.HTTPSamplerBase: Parser for text/html is org.apache.jmeter.protocol.http.parser.LagartoBasedHtmlParser
2017-09-05 07:29:06,293 INFO o.a.j.p.h.s.HTTPSamplerBase: Parser for application/xhtml+xml is org.apache.jmeter.protocol.http.parser.LagartoBasedHtmlParser
2017-09-05 07:29:06,293 INFO o.a.j.p.h.s.HTTPSamplerBase: Parser for application/xml is org.apache.jmeter.protocol.http.parser.LagartoBasedHtmlParser
2017-09-05 07:29:06,293 INFO o.a.j.p.h.s.HTTPSamplerBase: Parser for text/xml is org.apache.jmeter.protocol.http.parser.LagartoBasedHtmlParser
2017-09-05 07:29:06,293 INFO o.a.j.p.h.s.HTTPSamplerBase: Parser for text/vnd.wap.wml is org.apache.jmeter.protocol.http.parser.RegexpHTMLParser
2017-09-05 07:29:06,293 INFO o.a.j.p.h.s.HTTPSamplerBase: Parser for text/css is org.apache.jmeter.protocol.http.parser.CssParser
2017-09-05 07:29:07,799 INFO o.a.j.e.KeyToolUtils: keytool found at 'keytool'
2017-09-05 07:29:07,800 INFO o.a.j.p.h.p.ProxyControl: HTTP(S) Test Script Recorder SSL Proxy will use keys that support embedded 3rd party resources in file C:\Users\Vic\Documents\GitHub\CalidadYPruebasDeSoftware\JMeter\apache-jmeter-3.2\bin\proxyserver.jks
2017-09-05 07:29:08,041 INFO o.a.j.g.u.MenuFactory: Skipping org.apache.jmeter.protocol.java.sampler.BSFSampler
2017-09-05 07:29:08,100 INFO o.a.j.s.FileServer: Default base='C:\Users\Vic\Documents\GitHub\CalidadYPruebasDeSoftware\JMeter\apache-jmeter-3.2\bin'
2017-09-05 07:29:08,182 INFO o.a.j.g.u.MenuFactory: Skipping org.apache.jmeter.protocol.mongodb.config.MongoSourceElement
2017-09-05 07:29:08,182 INFO o.a.j.g.u.MenuFactory: Skipping org.apache.jmeter.protocol.mongodb.sampler.MongoScriptSampler
2017-09-05 07:29:09,287 INFO o.a.j.g.u.MenuFactory: Skipping org.apache.jmeter.timers.BSFTimer
2017-09-05 07:29:09,357 INFO o.a.j.g.u.MenuFactory: Skipping org.apache.jmeter.visualizers.BSFListener
2017-09-05 07:29:09,597 INFO o.a.j.s.SampleResult: Note: Sample TimeStamps are START times
2017-09-05 07:29:09,597 INFO o.a.j.s.SampleResult: sampleresult.default.encoding is set to ISO-8859-1
2017-09-05 07:29:09,597 INFO o.a.j.s.SampleResult: sampleresult.useNanoTime=true
2017-09-05 07:29:09,597 INFO o.a.j.s.SampleResult: sampleresult.nanoThreadSleep=5000
2017-09-05 11:15:12,121 INFO o.a.j.s.FileServer: Set new base='C:\Users\Vic\Documents\GitHub\CalidadYPruebasDeSoftware\JMeter\apache-jmeter-3.2\bin'
2017-09-05 11:15:12,833 INFO o.a.j.s.SaveService: Testplan (JMX) version: 2.2. Testlog (JTL) version: 2.2
2017-09-05 11:15:12,904 INFO o.a.j.s.SaveService: Using SaveService properties file encoding UTF-8
2017-09-05 11:15:12,909 INFO o.a.j.s.SaveService: Using SaveService properties version 3.2
